[INFO ] 2021-03-11 16:32:30.353 INFO :org.springframework.boot.StartupInfoLogger[logStarting] Starting RealEstateBrokerApplication using Java 15.0.1 on Anjani with PID 13616 (C:\Users\hp0\git\repository4\RealEstateBrokerApplication\bin\main started by hp0 in C:\Users\hp0\git\repository4\RealEstateBrokerApplication) at Line 55 
[DEBUG] 2021-03-11 16:32:30.359 DEBUG :org.springframework.boot.StartupInfoLogger[logStarting] Running with Spring Boot v2.4.3, Spring v5.3.4 at Line 56 
[INFO ] 2021-03-11 16:32:30.362 INFO :org.springframework.boot.SpringApplication[logStartupProfileInfo] No active profile set, falling back to default profiles: default at Line 660 
[INFO ] 2021-03-11 16:32:37.383 INFO :org.springframework.boot.StartupInfoLogger[logStarted] Started RealEstateBrokerApplication in 7.492 seconds (JVM running for 9.217) at Line 61 
[INFO ] 2021-03-11 16:32:47.508 INFO :com.capg.rba.controller.RbaBrokerController[removeBroker] Controller Triggered at Line 63 
[INFO ] 2021-03-11 16:32:47.508 INFO :com.capg.rba.service.BrokerService[removeBroker] Service Triggered at Line 43 
[ERROR] 2021-03-11 16:32:47.606 ERROR :com.capg.rba.dao.BrokerRepository[fetchBroker] Broker having id 6197777 does not exist at Line 61 
[INFO ] 2021-03-11 16:33:12.222 INFO :com.capg.rba.controller.RbaBrokerController[addBroker] Controller Triggered at Line 39 
[INFO ] 2021-03-11 16:33:12.224 INFO :com.capg.rba.service.BrokerService[addBroker] Service Triggered at Line 27 
[INFO ] 2021-03-11 16:33:36.075 INFO :com.capg.rba.controller.RbaBrokerController[removeBroker] Controller Triggered at Line 63 
[INFO ] 2021-03-11 16:33:36.075 INFO :com.capg.rba.service.BrokerService[removeBroker] Service Triggered at Line 43 
[INFO ] 2021-03-11 16:33:36.135 INFO :com.capg.rba.controller.RbaBrokerController[removeBroker] broker details deleted successfully at Line 65 
[INFO ] 2021-03-11 16:35:02.658 INFO :org.springframework.boot.StartupInfoLogger[logStarting] Starting RealEstateBrokerApplication using Java 15.0.1 on Anjani with PID 13616 (C:\Users\hp0\git\repository4\RealEstateBrokerApplication\bin\main started by hp0 in C:\Users\hp0\git\repository4\RealEstateBrokerApplication) at Line 55 
[DEBUG] 2021-03-11 16:35:02.659 DEBUG :org.springframework.boot.StartupInfoLogger[logStarting] Running with Spring Boot v2.4.3, Spring v5.3.4 at Line 56 
[INFO ] 2021-03-11 16:35:02.660 INFO :org.springframework.boot.SpringApplication[logStartupProfileInfo] No active profile set, falling back to default profiles: default at Line 660 
[INFO ] 2021-03-11 16:35:05.116 INFO :org.springframework.boot.StartupInfoLogger[logStarted] Started RealEstateBrokerApplication in 2.516 seconds (JVM running for 156.95) at Line 61 
[INFO ] 2021-03-11 16:36:12.345 INFO :org.springframework.boot.StartupInfoLogger[logStarting] Starting RealEstateBrokerApplication using Java 15.0.1 on Anjani with PID 13616 (C:\Users\hp0\git\repository4\RealEstateBrokerApplication\bin\main started by hp0 in C:\Users\hp0\git\repository4\RealEstateBrokerApplication) at Line 55 
[DEBUG] 2021-03-11 16:36:12.345 DEBUG :org.springframework.boot.StartupInfoLogger[logStarting] Running with Spring Boot v2.4.3, Spring v5.3.4 at Line 56 
[INFO ] 2021-03-11 16:36:12.346 INFO :org.springframework.boot.SpringApplication[logStartupProfileInfo] No active profile set, falling back to default profiles: default at Line 660 
[INFO ] 2021-03-11 16:36:14.618 INFO :org.springframework.boot.StartupInfoLogger[logStarted] Started RealEstateBrokerApplication in 2.331 seconds (JVM running for 226.452) at Line 61 
[INFO ] 2021-03-11 16:36:22.467 INFO :com.capg.rba.controller.RbaBrokerController[addBroker] Controller Triggered at Line 39 
[INFO ] 2021-03-11 16:36:22.469 INFO :com.capg.rba.service.BrokerService[addBroker] Service Triggered at Line 27 
[INFO ] 2021-03-11 16:36:31.730 INFO :com.capg.rba.controller.RbaBrokerController[removeBroker] Controller Triggered at Line 63 
[INFO ] 2021-03-11 16:36:31.731 INFO :com.capg.rba.service.BrokerService[removeBroker] Service Triggered at Line 43 
[INFO ] 2021-03-11 16:36:31.752 INFO :com.capg.rba.controller.RbaBrokerController[removeBroker] broker details deleted successfully at Line 65 
[INFO ] 2021-03-11 16:40:17.509 INFO :org.springframework.boot.StartupInfoLogger[logStarting] Starting RealEstateBrokerApplication using Java 15.0.1 on Anjani with PID 13616 (C:\Users\hp0\git\repository4\RealEstateBrokerApplication\bin\main started by hp0 in C:\Users\hp0\git\repository4\RealEstateBrokerApplication) at Line 55 
[DEBUG] 2021-03-11 16:40:17.510 DEBUG :org.springframework.boot.StartupInfoLogger[logStarting] Running with Spring Boot v2.4.3, Spring v5.3.4 at Line 56 
[INFO ] 2021-03-11 16:40:17.511 INFO :org.springframework.boot.SpringApplication[logStartupProfileInfo] No active profile set, falling back to default profiles: default at Line 660 
[INFO ] 2021-03-11 16:40:19.594 INFO :org.springframework.boot.StartupInfoLogger[logStarted] Started RealEstateBrokerApplication in 2.132 seconds (JVM running for 471.429) at Line 61 
