[INFO ] 2021-03-11 12:24:50.813 INFO :org.springframework.boot.StartupInfoLogger[logStarting] Starting RealEstateBrokerApplication using Java 15.0.1 on DESKTOP-4EK3FJ6 with PID 21728 (C:\Users\Aman Thakur\git\repository2\RealEstateBrokerApplication\bin\main started by Aman Thakur in C:\Users\Aman Thakur\git\repository2\RealEstateBrokerApplication) at Line 55 
[DEBUG] 2021-03-11 12:24:50.816 DEBUG :org.springframework.boot.StartupInfoLogger[logStarting] Running with Spring Boot v2.4.3, Spring v5.3.4 at Line 56 
[INFO ] 2021-03-11 12:24:50.816 INFO :org.springframework.boot.SpringApplication[logStartupProfileInfo] No active profile set, falling back to default profiles: default at Line 660 
[INFO ] 2021-03-11 12:24:53.035 INFO :org.springframework.boot.StartupInfoLogger[logStarted] Started RealEstateBrokerApplication in 2.28 seconds (JVM running for 490.279) at Line 61 
[INFO ] 2021-03-11 12:24:56.617 INFO :com.capg.rba.services.CustomerService[viewCustomer] aman at Line 46 
[INFO ] 2021-03-11 12:50:18.767 INFO :org.springframework.boot.StartupInfoLogger[logStarting] Starting RealEstateBrokerApplication using Java 15.0.1 on DESKTOP-4EK3FJ6 with PID 21728 (C:\Users\Aman Thakur\git\repository2\RealEstateBrokerApplication\bin\main started by Aman Thakur in C:\Users\Aman Thakur\git\repository2\RealEstateBrokerApplication) at Line 55 
[DEBUG] 2021-03-11 12:50:18.768 DEBUG :org.springframework.boot.StartupInfoLogger[logStarting] Running with Spring Boot v2.4.3, Spring v5.3.4 at Line 56 
[INFO ] 2021-03-11 12:50:18.768 INFO :org.springframework.boot.SpringApplication[logStartupProfileInfo] No active profile set, falling back to default profiles: default at Line 660 
[INFO ] 2021-03-11 12:50:20.033 INFO :org.springframework.boot.StartupInfoLogger[logStarted] Started RealEstateBrokerApplication in 1.299 seconds (JVM running for 2017.275) at Line 61 
[INFO ] 2021-03-11 12:50:34.698 INFO :org.springframework.boot.StartupInfoLogger[logStarting] Starting RealEstateBrokerApplication using Java 15.0.1 on DESKTOP-4EK3FJ6 with PID 21728 (C:\Users\Aman Thakur\git\repository2\RealEstateBrokerApplication\bin\main started by Aman Thakur in C:\Users\Aman Thakur\git\repository2\RealEstateBrokerApplication) at Line 55 
[DEBUG] 2021-03-11 12:50:34.699 DEBUG :org.springframework.boot.StartupInfoLogger[logStarting] Running with Spring Boot v2.4.3, Spring v5.3.4 at Line 56 
[INFO ] 2021-03-11 12:50:34.699 INFO :org.springframework.boot.SpringApplication[logStartupProfileInfo] No active profile set, falling back to default profiles: default at Line 660 
[INFO ] 2021-03-11 12:50:35.940 INFO :org.springframework.boot.StartupInfoLogger[logStarted] Started RealEstateBrokerApplication in 1.272 seconds (JVM running for 2033.183) at Line 61 
[INFO ] 2021-03-11 12:50:45.158 INFO :org.springframework.boot.StartupInfoLogger[logStarting] Starting RealEstateBrokerApplication using Java 15.0.1 on DESKTOP-4EK3FJ6 with PID 27156 (C:\Users\Aman Thakur\git\repository2\RealEstateBrokerApplication\bin\main started by Aman Thakur in C:\Users\Aman Thakur\git\repository2\RealEstateBrokerApplication) at Line 55 
[DEBUG] 2021-03-11 12:50:45.161 DEBUG :org.springframework.boot.StartupInfoLogger[logStarting] Running with Spring Boot v2.4.3, Spring v5.3.4 at Line 56 
[INFO ] 2021-03-11 12:50:45.162 INFO :org.springframework.boot.SpringApplication[logStartupProfileInfo] No active profile set, falling back to default profiles: default at Line 660 
[INFO ] 2021-03-11 12:50:49.249 INFO :org.springframework.boot.StartupInfoLogger[logStarted] Started RealEstateBrokerApplication in 4.343 seconds (JVM running for 5.131) at Line 61 
[INFO ] 2021-03-11 12:51:51.166 INFO :org.springframework.boot.StartupInfoLogger[logStarting] Starting RealEstateBrokerApplication using Java 15.0.1 on DESKTOP-4EK3FJ6 with PID 23764 (C:\Users\Aman Thakur\git\repository2\RealEstateBrokerApplication\bin\main started by Aman Thakur in C:\Users\Aman Thakur\git\repository2\RealEstateBrokerApplication) at Line 55 
[DEBUG] 2021-03-11 12:51:51.169 DEBUG :org.springframework.boot.StartupInfoLogger[logStarting] Running with Spring Boot v2.4.3, Spring v5.3.4 at Line 56 
[INFO ] 2021-03-11 12:51:51.169 INFO :org.springframework.boot.SpringApplication[logStartupProfileInfo] No active profile set, falling back to default profiles: default at Line 660 
[INFO ] 2021-03-11 12:51:54.837 INFO :org.springframework.boot.StartupInfoLogger[logStarted] Started RealEstateBrokerApplication in 3.918 seconds (JVM running for 4.684) at Line 61 
[INFO ] 2021-03-11 12:52:16.505 INFO :com.capg.rba.services.CustomerService[viewCustomer] Service Triggered at Line 50 
[ERROR] 2021-03-11 12:52:16.632 ERROR :com.capg.rba.repositories.CustomerRepository[fetchCustomer] Customer With 952 Does Not Exist. at Line 67 
[INFO ] 2021-03-11 12:52:37.377 INFO :com.capg.rba.services.CustomerService[viewCustomer] Service Triggered at Line 50 
[ERROR] 2021-03-11 12:52:37.379 ERROR :com.capg.rba.repositories.CustomerRepository[fetchCustomer] Customer With 952 Does Not Exist. at Line 67 
[INFO ] 2021-03-11 12:54:10.690 INFO :com.capg.rba.services.CustomerService[viewCustomer] Service Triggered at Line 50 
[ERROR] 2021-03-11 12:54:10.692 ERROR :com.capg.rba.repositories.CustomerRepository[fetchCustomer] Customer With 444 Does Not Exist. at Line 67 
[INFO ] 2021-03-11 12:54:16.721 INFO :com.capg.rba.services.CustomerService[listAllCustomers] Service Triggered at Line 58 
[INFO ] 2021-03-11 12:54:55.074 INFO :com.capg.rba.services.CustomerService[viewCustomer] Service Triggered at Line 50 
[INFO ] 2021-03-11 12:58:24.197 INFO :org.springframework.boot.StartupInfoLogger[logStarting] Starting RealEstateBrokerApplication using Java 15.0.1 on DESKTOP-4EK3FJ6 with PID 23764 (C:\Users\Aman Thakur\git\repository2\RealEstateBrokerApplication\bin\main started by Aman Thakur in C:\Users\Aman Thakur\git\repository2\RealEstateBrokerApplication) at Line 55 
[DEBUG] 2021-03-11 12:58:24.197 DEBUG :org.springframework.boot.StartupInfoLogger[logStarting] Running with Spring Boot v2.4.3, Spring v5.3.4 at Line 56 
[INFO ] 2021-03-11 12:58:24.197 INFO :org.springframework.boot.SpringApplication[logStartupProfileInfo] No active profile set, falling back to default profiles: default at Line 660 
[INFO ] 2021-03-11 12:58:25.508 INFO :org.springframework.boot.StartupInfoLogger[logStarted] Started RealEstateBrokerApplication in 1.349 seconds (JVM running for 395.355) at Line 61 
[INFO ] 2021-03-11 13:08:01.793 INFO :org.springframework.boot.StartupInfoLogger[logStarting] Starting RealEstateBrokerApplication using Java 15.0.1 on DESKTOP-4EK3FJ6 with PID 23764 (C:\Users\Aman Thakur\git\repository2\RealEstateBrokerApplication\bin\main started by Aman Thakur in C:\Users\Aman Thakur\git\repository2\RealEstateBrokerApplication) at Line 55 
[DEBUG] 2021-03-11 13:08:01.793 DEBUG :org.springframework.boot.StartupInfoLogger[logStarting] Running with Spring Boot v2.4.3, Spring v5.3.4 at Line 56 
[INFO ] 2021-03-11 13:08:01.793 INFO :org.springframework.boot.SpringApplication[logStartupProfileInfo] No active profile set, falling back to default profiles: default at Line 660 
[INFO ] 2021-03-11 13:08:03.188 INFO :org.springframework.boot.StartupInfoLogger[logStarted] Started RealEstateBrokerApplication in 1.426 seconds (JVM running for 973.035) at Line 61 
[INFO ] 2021-03-11 13:08:20.912 INFO :org.springframework.boot.StartupInfoLogger[logStarting] Starting RealEstateBrokerApplication using Java 15.0.1 on DESKTOP-4EK3FJ6 with PID 23764 (C:\Users\Aman Thakur\git\repository2\RealEstateBrokerApplication\bin\main started by Aman Thakur in C:\Users\Aman Thakur\git\repository2\RealEstateBrokerApplication) at Line 55 
[DEBUG] 2021-03-11 13:08:20.913 DEBUG :org.springframework.boot.StartupInfoLogger[logStarting] Running with Spring Boot v2.4.3, Spring v5.3.4 at Line 56 
[INFO ] 2021-03-11 13:08:20.913 INFO :org.springframework.boot.SpringApplication[logStartupProfileInfo] No active profile set, falling back to default profiles: default at Line 660 
[INFO ] 2021-03-11 13:08:22.265 INFO :org.springframework.boot.StartupInfoLogger[logStarted] Started RealEstateBrokerApplication in 1.382 seconds (JVM running for 992.111) at Line 61 
[INFO ] 2021-03-11 13:09:00.297 INFO :org.springframework.boot.StartupInfoLogger[logStarting] Starting RealEstateBrokerApplication using Java 15.0.1 on DESKTOP-4EK3FJ6 with PID 23764 (C:\Users\Aman Thakur\git\repository2\RealEstateBrokerApplication\bin\main started by Aman Thakur in C:\Users\Aman Thakur\git\repository2\RealEstateBrokerApplication) at Line 55 
[DEBUG] 2021-03-11 13:09:00.297 DEBUG :org.springframework.boot.StartupInfoLogger[logStarting] Running with Spring Boot v2.4.3, Spring v5.3.4 at Line 56 
[INFO ] 2021-03-11 13:09:00.298 INFO :org.springframework.boot.SpringApplication[logStartupProfileInfo] No active profile set, falling back to default profiles: default at Line 660 
[INFO ] 2021-03-11 13:18:00.353 INFO :org.springframework.boot.StartupInfoLogger[logStarting] Starting RealEstateBrokerApplication using Java 15.0.1 on DESKTOP-4EK3FJ6 with PID 17084 (C:\Users\Aman Thakur\git\repository2\RealEstateBrokerApplication\bin\main started by Aman Thakur in C:\Users\Aman Thakur\git\repository2\RealEstateBrokerApplication) at Line 55 
[DEBUG] 2021-03-11 13:18:00.356 DEBUG :org.springframework.boot.StartupInfoLogger[logStarting] Running with Spring Boot v2.4.3, Spring v5.3.4 at Line 56 
[INFO ] 2021-03-11 13:18:00.356 INFO :org.springframework.boot.SpringApplication[logStartupProfileInfo] No active profile set, falling back to default profiles: default at Line 660 
[INFO ] 2021-03-11 13:19:03.998 INFO :org.springframework.boot.StartupInfoLogger[logStarting] Starting RealEstateBrokerApplication using Java 15.0.1 on DESKTOP-4EK3FJ6 with PID 11428 (C:\Users\Aman Thakur\git\repository2\RealEstateBrokerApplication\bin\main started by Aman Thakur in C:\Users\Aman Thakur\git\repository2\RealEstateBrokerApplication) at Line 55 
[DEBUG] 2021-03-11 13:19:04.001 DEBUG :org.springframework.boot.StartupInfoLogger[logStarting] Running with Spring Boot v2.4.3, Spring v5.3.4 at Line 56 
[INFO ] 2021-03-11 13:19:04.001 INFO :org.springframework.boot.SpringApplication[logStartupProfileInfo] No active profile set, falling back to default profiles: default at Line 660 
[INFO ] 2021-03-11 13:19:55.423 INFO :org.springframework.boot.StartupInfoLogger[logStarting] Starting RealEstateBrokerApplication using Java 15.0.1 on DESKTOP-4EK3FJ6 with PID 11044 (C:\Users\Aman Thakur\git\repository2\RealEstateBrokerApplication\bin\main started by Aman Thakur in C:\Users\Aman Thakur\git\repository2\RealEstateBrokerApplication) at Line 55 
[DEBUG] 2021-03-11 13:19:55.425 DEBUG :org.springframework.boot.StartupInfoLogger[logStarting] Running with Spring Boot v2.4.3, Spring v5.3.4 at Line 56 
[INFO ] 2021-03-11 13:19:55.426 INFO :org.springframework.boot.SpringApplication[logStartupProfileInfo] No active profile set, falling back to default profiles: default at Line 660 
[INFO ] 2021-03-11 13:20:01.714 INFO :org.springframework.boot.StartupInfoLogger[logStarted] Started RealEstateBrokerApplication in 6.537 seconds (JVM running for 7.339) at Line 61 
[INFO ] 2021-03-11 13:24:34.005 INFO :org.springframework.boot.StartupInfoLogger[logStarting] Starting RealEstateBrokerApplication using Java 15.0.1 on DESKTOP-4EK3FJ6 with PID 20840 (C:\Users\Aman Thakur\git\repository2\RealEstateBrokerApplication\bin\main started by Aman Thakur in C:\Users\Aman Thakur\git\repository2\RealEstateBrokerApplication) at Line 55 
[DEBUG] 2021-03-11 13:24:34.007 DEBUG :org.springframework.boot.StartupInfoLogger[logStarting] Running with Spring Boot v2.4.3, Spring v5.3.4 at Line 56 
[INFO ] 2021-03-11 13:24:34.008 INFO :org.springframework.boot.SpringApplication[logStartupProfileInfo] No active profile set, falling back to default profiles: default at Line 660 
[INFO ] 2021-03-11 13:24:37.684 INFO :org.springframework.boot.StartupInfoLogger[logStarted] Started RealEstateBrokerApplication in 3.932 seconds (JVM running for 4.733) at Line 61 
[INFO ] 2021-03-11 13:26:55.610 INFO :org.springframework.boot.StartupInfoLogger[logStarting] Starting RealEstateBrokerApplication using Java 15.0.1 on DESKTOP-4EK3FJ6 with PID 20840 (C:\Users\Aman Thakur\git\repository2\RealEstateBrokerApplication\bin\main started by Aman Thakur in C:\Users\Aman Thakur\git\repository2\RealEstateBrokerApplication) at Line 55 
[DEBUG] 2021-03-11 13:26:55.611 DEBUG :org.springframework.boot.StartupInfoLogger[logStarting] Running with Spring Boot v2.4.3, Spring v5.3.4 at Line 56 
[INFO ] 2021-03-11 13:26:55.611 INFO :org.springframework.boot.SpringApplication[logStartupProfileInfo] No active profile set, falling back to default profiles: default at Line 660 
[INFO ] 2021-03-11 13:27:56.301 INFO :org.springframework.boot.StartupInfoLogger[logStarting] Starting RealEstateBrokerApplication using Java 15.0.1 on DESKTOP-4EK3FJ6 with PID 20840 (C:\Users\Aman Thakur\git\repository2\RealEstateBrokerApplication\bin\main started by Aman Thakur in C:\Users\Aman Thakur\git\repository2\RealEstateBrokerApplication) at Line 55 
[DEBUG] 2021-03-11 13:27:56.301 DEBUG :org.springframework.boot.StartupInfoLogger[logStarting] Running with Spring Boot v2.4.3, Spring v5.3.4 at Line 56 
[INFO ] 2021-03-11 13:27:56.302 INFO :org.springframework.boot.SpringApplication[logStartupProfileInfo] No active profile set, falling back to default profiles: default at Line 660 
[INFO ] 2021-03-11 13:32:56.974 INFO :com.capg.rba.RealEstateBrokerApplication[main] Real Estate Broker Application Started at Line 15 
[INFO ] 2021-03-11 13:32:57.008 INFO :org.springframework.boot.StartupInfoLogger[logStarting] Starting RealEstateBrokerApplication using Java 15.0.1 on DESKTOP-4EK3FJ6 with PID 20840 (C:\Users\Aman Thakur\git\repository2\RealEstateBrokerApplication\bin\main started by Aman Thakur in C:\Users\Aman Thakur\git\repository2\RealEstateBrokerApplication) at Line 55 
[DEBUG] 2021-03-11 13:32:57.009 DEBUG :org.springframework.boot.StartupInfoLogger[logStarting] Running with Spring Boot v2.4.3, Spring v5.3.4 at Line 56 
[INFO ] 2021-03-11 13:32:57.009 INFO :org.springframework.boot.SpringApplication[logStartupProfileInfo] No active profile set, falling back to default profiles: default at Line 660 
[INFO ] 2021-03-11 13:33:14.955 INFO :com.capg.rba.RealEstateBrokerApplication[main] Real Estate Broker Application Started at Line 15 
[INFO ] 2021-03-11 13:33:14.994 INFO :org.springframework.boot.StartupInfoLogger[logStarting] Starting RealEstateBrokerApplication using Java 15.0.1 on DESKTOP-4EK3FJ6 with PID 20840 (C:\Users\Aman Thakur\git\repository2\RealEstateBrokerApplication\bin\main started by Aman Thakur in C:\Users\Aman Thakur\git\repository2\RealEstateBrokerApplication) at Line 55 
[DEBUG] 2021-03-11 13:33:14.995 DEBUG :org.springframework.boot.StartupInfoLogger[logStarting] Running with Spring Boot v2.4.3, Spring v5.3.4 at Line 56 
[INFO ] 2021-03-11 13:33:14.995 INFO :org.springframework.boot.SpringApplication[logStartupProfileInfo] No active profile set, falling back to default profiles: default at Line 660 
[INFO ] 2021-03-11 13:33:16.252 INFO :org.springframework.boot.StartupInfoLogger[logStarted] Started RealEstateBrokerApplication in 1.295 seconds (JVM running for 523.302) at Line 61 
[INFO ] 2021-03-11 13:33:16.255 INFO :com.capg.rba.RealEstateBrokerApplication[main] Real Estate Broker Application Stopped at Line 17 
[INFO ] 2021-03-11 13:33:49.280 INFO :com.capg.rba.RealEstateBrokerApplication[main] Real Estate Broker Application Started at Line 15 
[INFO ] 2021-03-11 13:33:49.314 INFO :org.springframework.boot.StartupInfoLogger[logStarting] Starting RealEstateBrokerApplication using Java 15.0.1 on DESKTOP-4EK3FJ6 with PID 20840 (C:\Users\Aman Thakur\git\repository2\RealEstateBrokerApplication\bin\main started by Aman Thakur in C:\Users\Aman Thakur\git\repository2\RealEstateBrokerApplication) at Line 55 
[DEBUG] 2021-03-11 13:33:49.314 DEBUG :org.springframework.boot.StartupInfoLogger[logStarting] Running with Spring Boot v2.4.3, Spring v5.3.4 at Line 56 
[INFO ] 2021-03-11 13:33:49.314 INFO :org.springframework.boot.SpringApplication[logStartupProfileInfo] No active profile set, falling back to default profiles: default at Line 660 
[INFO ] 2021-03-11 13:33:50.535 INFO :org.springframework.boot.StartupInfoLogger[logStarted] Started RealEstateBrokerApplication in 1.251 seconds (JVM running for 557.585) at Line 61 
[INFO ] 2021-03-11 13:38:19.575 INFO :com.capg.rba.RealEstateBrokerApplication[main] Real Estate Broker Application Started at Line 15 
[INFO ] 2021-03-11 13:38:19.697 INFO :com.capg.rba.RealEstateBrokerApplication[main] Real Estate Broker Application Started at Line 15 
[INFO ] 2021-03-11 13:38:19.956 INFO :org.springframework.boot.StartupInfoLogger[logStarting] Starting RealEstateBrokerApplication using Java 15.0.1 on DESKTOP-4EK3FJ6 with PID 11188 (C:\Users\Aman Thakur\git\repository2\RealEstateBrokerApplication\bin\main started by Aman Thakur in C:\Users\Aman Thakur\git\repository2\RealEstateBrokerApplication) at Line 55 
[DEBUG] 2021-03-11 13:38:19.958 DEBUG :org.springframework.boot.StartupInfoLogger[logStarting] Running with Spring Boot v2.4.3, Spring v5.3.4 at Line 56 
[INFO ] 2021-03-11 13:38:19.958 INFO :org.springframework.boot.SpringApplication[logStartupProfileInfo] No active profile set, falling back to default profiles: default at Line 660 
[INFO ] 2021-03-11 13:38:23.472 INFO :org.springframework.boot.StartupInfoLogger[logStarted] Started RealEstateBrokerApplication in 3.768 seconds (JVM running for 4.569) at Line 61 
[INFO ] 2021-03-11 13:38:32.935 INFO :com.capg.rba.RealEstateBrokerApplication[main] Real Estate Broker Application Started at Line 15 
[INFO ] 2021-03-11 13:38:32.972 INFO :org.springframework.boot.StartupInfoLogger[logStarting] Starting RealEstateBrokerApplication using Java 15.0.1 on DESKTOP-4EK3FJ6 with PID 11188 (C:\Users\Aman Thakur\git\repository2\RealEstateBrokerApplication\bin\main started by Aman Thakur in C:\Users\Aman Thakur\git\repository2\RealEstateBrokerApplication) at Line 55 
[DEBUG] 2021-03-11 13:38:32.973 DEBUG :org.springframework.boot.StartupInfoLogger[logStarting] Running with Spring Boot v2.4.3, Spring v5.3.4 at Line 56 
[INFO ] 2021-03-11 13:38:32.973 INFO :org.springframework.boot.SpringApplication[logStartupProfileInfo] No active profile set, falling back to default profiles: default at Line 660 
[INFO ] 2021-03-11 13:38:34.277 INFO :org.springframework.boot.StartupInfoLogger[logStarted] Started RealEstateBrokerApplication in 1.337 seconds (JVM running for 15.373) at Line 61 
[INFO ] 2021-03-11 13:41:23.136 INFO :com.capg.rba.RealEstateBrokerApplication[main] Real Estate Broker Application Started at Line 15 
[INFO ] 2021-03-11 13:41:23.253 INFO :com.capg.rba.RealEstateBrokerApplication[main] Real Estate Broker Application Started at Line 15 
[INFO ] 2021-03-11 13:41:23.504 INFO :org.springframework.boot.StartupInfoLogger[logStarting] Starting RealEstateBrokerApplication using Java 15.0.1 on DESKTOP-4EK3FJ6 with PID 9440 (C:\Users\Aman Thakur\git\repository2\RealEstateBrokerApplication\bin\main started by Aman Thakur in C:\Users\Aman Thakur\git\repository2\RealEstateBrokerApplication) at Line 55 
[DEBUG] 2021-03-11 13:41:23.506 DEBUG :org.springframework.boot.StartupInfoLogger[logStarting] Running with Spring Boot v2.4.3, Spring v5.3.4 at Line 56 
[INFO ] 2021-03-11 13:41:23.507 INFO :org.springframework.boot.SpringApplication[logStartupProfileInfo] No active profile set, falling back to default profiles: default at Line 660 
[INFO ] 2021-03-11 13:41:27.137 INFO :org.springframework.boot.StartupInfoLogger[logStarted] Started RealEstateBrokerApplication in 3.879 seconds (JVM running for 4.684) at Line 61 
[INFO ] 2021-03-11 13:43:03.960 INFO :com.capg.rba.RealEstateBrokerApplication[main] Real Estate Broker Application Started at Line 15 
[INFO ] 2021-03-11 13:43:04.080 INFO :com.capg.rba.RealEstateBrokerApplication[main] Real Estate Broker Application Started at Line 15 
[INFO ] 2021-03-11 13:43:04.336 INFO :org.springframework.boot.StartupInfoLogger[logStarting] Starting RealEstateBrokerApplication using Java 15.0.1 on DESKTOP-4EK3FJ6 with PID 17876 (C:\Users\Aman Thakur\git\repository2\RealEstateBrokerApplication\bin\main started by Aman Thakur in C:\Users\Aman Thakur\git\repository2\RealEstateBrokerApplication) at Line 55 
[DEBUG] 2021-03-11 13:43:04.339 DEBUG :org.springframework.boot.StartupInfoLogger[logStarting] Running with Spring Boot v2.4.3, Spring v5.3.4 at Line 56 
[INFO ] 2021-03-11 13:43:04.339 INFO :org.springframework.boot.SpringApplication[logStartupProfileInfo] No active profile set, falling back to default profiles: default at Line 660 
[INFO ] 2021-03-11 13:43:08.138 INFO :org.springframework.boot.StartupInfoLogger[logStarted] Started RealEstateBrokerApplication in 4.047 seconds (JVM running for 4.858) at Line 61 
[INFO ] 2021-03-11 13:45:36.935 INFO :com.capg.rba.RealEstateBrokerApplication[main] Real Estate Broker Application Started at Line 15 
[INFO ] 2021-03-11 13:45:36.972 INFO :org.springframework.boot.StartupInfoLogger[logStarting] Starting RealEstateBrokerApplication using Java 15.0.1 on DESKTOP-4EK3FJ6 with PID 17876 (C:\Users\Aman Thakur\git\repository2\RealEstateBrokerApplication\bin\main started by Aman Thakur in C:\Users\Aman Thakur\git\repository2\RealEstateBrokerApplication) at Line 55 
[DEBUG] 2021-03-11 13:45:36.972 DEBUG :org.springframework.boot.StartupInfoLogger[logStarting] Running with Spring Boot v2.4.3, Spring v5.3.4 at Line 56 
[INFO ] 2021-03-11 13:45:36.973 INFO :org.springframework.boot.SpringApplication[logStartupProfileInfo] No active profile set, falling back to default profiles: default at Line 660 
[INFO ] 2021-03-11 13:46:16.084 INFO :com.capg.rba.RealEstateBrokerApplication[main] Real Estate Broker Application Started at Line 15 
[INFO ] 2021-03-11 13:46:16.199 INFO :com.capg.rba.RealEstateBrokerApplication[main] Real Estate Broker Application Started at Line 15 
[INFO ] 2021-03-11 13:46:16.495 INFO :org.springframework.boot.StartupInfoLogger[logStarting] Starting RealEstateBrokerApplication using Java 15.0.1 on DESKTOP-4EK3FJ6 with PID 13964 (C:\Users\Aman Thakur\git\repository2\RealEstateBrokerApplication\bin\main started by Aman Thakur in C:\Users\Aman Thakur\git\repository2\RealEstateBrokerApplication) at Line 55 
[DEBUG] 2021-03-11 13:46:16.497 DEBUG :org.springframework.boot.StartupInfoLogger[logStarting] Running with Spring Boot v2.4.3, Spring v5.3.4 at Line 56 
[INFO ] 2021-03-11 13:46:16.497 INFO :org.springframework.boot.SpringApplication[logStartupProfileInfo] No active profile set, falling back to default profiles: default at Line 660 
[INFO ] 2021-03-11 13:46:20.142 INFO :org.springframework.boot.StartupInfoLogger[logStarted] Started RealEstateBrokerApplication in 3.937 seconds (JVM running for 4.723) at Line 61 
[INFO ] 2021-03-11 13:50:06.107 INFO :com.capg.rba.RealEstateBrokerApplication[main] Real Estate Broker Application Started at Line 15 
[INFO ] 2021-03-11 13:50:06.151 INFO :org.springframework.boot.StartupInfoLogger[logStarting] Starting RealEstateBrokerApplication using Java 15.0.1 on DESKTOP-4EK3FJ6 with PID 13964 (C:\Users\Aman Thakur\git\repository2\RealEstateBrokerApplication\bin\main started by Aman Thakur in C:\Users\Aman Thakur\git\repository2\RealEstateBrokerApplication) at Line 55 
[DEBUG] 2021-03-11 13:50:06.151 DEBUG :org.springframework.boot.StartupInfoLogger[logStarting] Running with Spring Boot v2.4.3, Spring v5.3.4 at Line 56 
[INFO ] 2021-03-11 13:50:06.152 INFO :org.springframework.boot.SpringApplication[logStartupProfileInfo] No active profile set, falling back to default profiles: default at Line 660 
[INFO ] 2021-03-11 13:50:09.059 INFO :com.capg.rba.RealEstateBrokerApplication[main] Real Estate Broker Application Started at Line 15 
[INFO ] 2021-03-11 13:50:09.104 INFO :org.springframework.boot.StartupInfoLogger[logStarting] Starting RealEstateBrokerApplication using Java 15.0.1 on DESKTOP-4EK3FJ6 with PID 13964 (C:\Users\Aman Thakur\git\repository2\RealEstateBrokerApplication\bin\main started by Aman Thakur in C:\Users\Aman Thakur\git\repository2\RealEstateBrokerApplication) at Line 55 
[DEBUG] 2021-03-11 13:50:09.105 DEBUG :org.springframework.boot.StartupInfoLogger[logStarting] Running with Spring Boot v2.4.3, Spring v5.3.4 at Line 56 
[INFO ] 2021-03-11 13:50:09.106 INFO :org.springframework.boot.SpringApplication[logStartupProfileInfo] No active profile set, falling back to default profiles: default at Line 660 
[INFO ] 2021-03-11 13:50:19.665 INFO :com.capg.rba.RealEstateBrokerApplication[main] Real Estate Broker Application Started at Line 15 
[INFO ] 2021-03-11 13:50:19.697 INFO :org.springframework.boot.StartupInfoLogger[logStarting] Starting RealEstateBrokerApplication using Java 15.0.1 on DESKTOP-4EK3FJ6 with PID 13964 (C:\Users\Aman Thakur\git\repository2\RealEstateBrokerApplication\bin\main started by Aman Thakur in C:\Users\Aman Thakur\git\repository2\RealEstateBrokerApplication) at Line 55 
[DEBUG] 2021-03-11 13:50:19.697 DEBUG :org.springframework.boot.StartupInfoLogger[logStarting] Running with Spring Boot v2.4.3, Spring v5.3.4 at Line 56 
[INFO ] 2021-03-11 13:50:19.697 INFO :org.springframework.boot.SpringApplication[logStartupProfileInfo] No active profile set, falling back to default profiles: default at Line 660 
[INFO ] 2021-03-11 13:52:05.462 INFO :com.capg.rba.RealEstateBrokerApplication[main] Real Estate Broker Application Started at Line 15 
[INFO ] 2021-03-11 13:52:05.494 INFO :org.springframework.boot.StartupInfoLogger[logStarting] Starting RealEstateBrokerApplication using Java 15.0.1 on DESKTOP-4EK3FJ6 with PID 13964 (C:\Users\Aman Thakur\git\repository2\RealEstateBrokerApplication\bin\main started by Aman Thakur in C:\Users\Aman Thakur\git\repository2\RealEstateBrokerApplication) at Line 55 
[DEBUG] 2021-03-11 13:52:05.494 DEBUG :org.springframework.boot.StartupInfoLogger[logStarting] Running with Spring Boot v2.4.3, Spring v5.3.4 at Line 56 
[INFO ] 2021-03-11 13:52:05.495 INFO :org.springframework.boot.SpringApplication[logStartupProfileInfo] No active profile set, falling back to default profiles: default at Line 660 
[INFO ] 2021-03-11 13:52:14.059 INFO :com.capg.rba.RealEstateBrokerApplication[main] Real Estate Broker Application Started at Line 15 
[INFO ] 2021-03-11 13:52:14.248 INFO :com.capg.rba.RealEstateBrokerApplication[main] Real Estate Broker Application Started at Line 15 
[INFO ] 2021-03-11 13:52:14.552 INFO :org.springframework.boot.StartupInfoLogger[logStarting] Starting RealEstateBrokerApplication using Java 15.0.1 on DESKTOP-4EK3FJ6 with PID 17252 (C:\Users\Aman Thakur\git\repository2\RealEstateBrokerApplication\bin\main started by Aman Thakur in C:\Users\Aman Thakur\git\repository2\RealEstateBrokerApplication) at Line 55 
[DEBUG] 2021-03-11 13:52:14.554 DEBUG :org.springframework.boot.StartupInfoLogger[logStarting] Running with Spring Boot v2.4.3, Spring v5.3.4 at Line 56 
[INFO ] 2021-03-11 13:52:14.555 INFO :org.springframework.boot.SpringApplication[logStartupProfileInfo] No active profile set, falling back to default profiles: default at Line 660 
[INFO ] 2021-03-11 13:52:19.829 INFO :org.springframework.boot.StartupInfoLogger[logStarted] Started RealEstateBrokerApplication in 5.573 seconds (JVM running for 6.669) at Line 61 
[INFO ] 2021-03-11 13:52:56.726 INFO :com.capg.rba.RealEstateBrokerApplication[main] Real Estate Broker Application Started at Line 15 
[INFO ] 2021-03-11 13:52:56.765 INFO :org.springframework.boot.StartupInfoLogger[logStarting] Starting RealEstateBrokerApplication using Java 15.0.1 on DESKTOP-4EK3FJ6 with PID 17252 (C:\Users\Aman Thakur\git\repository2\RealEstateBrokerApplication\bin\main started by Aman Thakur in C:\Users\Aman Thakur\git\repository2\RealEstateBrokerApplication) at Line 55 
[DEBUG] 2021-03-11 13:52:56.766 DEBUG :org.springframework.boot.StartupInfoLogger[logStarting] Running with Spring Boot v2.4.3, Spring v5.3.4 at Line 56 
[INFO ] 2021-03-11 13:52:56.766 INFO :org.springframework.boot.SpringApplication[logStartupProfileInfo] No active profile set, falling back to default profiles: default at Line 660 
[INFO ] 2021-03-11 13:52:58.271 INFO :org.springframework.boot.StartupInfoLogger[logStarted] Started RealEstateBrokerApplication in 1.541 seconds (JVM running for 45.111) at Line 61 
[INFO ] 2021-03-11 13:54:20.711 INFO :com.capg.rba.RealEstateBrokerApplication[main] Real Estate Broker Application Started at Line 15 
[INFO ] 2021-03-11 13:54:20.747 INFO :org.springframework.boot.StartupInfoLogger[logStarting] Starting RealEstateBrokerApplication using Java 15.0.1 on DESKTOP-4EK3FJ6 with PID 17252 (C:\Users\Aman Thakur\git\repository2\RealEstateBrokerApplication\bin\main started by Aman Thakur in C:\Users\Aman Thakur\git\repository2\RealEstateBrokerApplication) at Line 55 
[DEBUG] 2021-03-11 13:54:20.748 DEBUG :org.springframework.boot.StartupInfoLogger[logStarting] Running with Spring Boot v2.4.3, Spring v5.3.4 at Line 56 
[INFO ] 2021-03-11 13:54:20.748 INFO :org.springframework.boot.SpringApplication[logStartupProfileInfo] No active profile set, falling back to default profiles: default at Line 660 
[INFO ] 2021-03-11 13:54:22.269 INFO :org.springframework.boot.StartupInfoLogger[logStarted] Started RealEstateBrokerApplication in 1.553 seconds (JVM running for 129.108) at Line 61 
[INFO ] 2021-03-11 13:55:06.304 INFO :com.capg.rba.RealEstateBrokerApplication[main] Real Estate Broker Application Started at Line 15 
[INFO ] 2021-03-11 13:55:06.343 INFO :org.springframework.boot.StartupInfoLogger[logStarting] Starting RealEstateBrokerApplication using Java 15.0.1 on DESKTOP-4EK3FJ6 with PID 17252 (C:\Users\Aman Thakur\git\repository2\RealEstateBrokerApplication\bin\main started by Aman Thakur in C:\Users\Aman Thakur\git\repository2\RealEstateBrokerApplication) at Line 55 
[DEBUG] 2021-03-11 13:55:06.344 DEBUG :org.springframework.boot.StartupInfoLogger[logStarting] Running with Spring Boot v2.4.3, Spring v5.3.4 at Line 56 
[INFO ] 2021-03-11 13:55:06.344 INFO :org.springframework.boot.SpringApplication[logStartupProfileInfo] No active profile set, falling back to default profiles: default at Line 660 
[INFO ] 2021-03-11 13:55:07.732 INFO :org.springframework.boot.StartupInfoLogger[logStarted] Started RealEstateBrokerApplication in 1.424 seconds (JVM running for 174.572) at Line 61 
[INFO ] 2021-03-11 13:55:43.607 INFO :com.capg.rba.RealEstateBrokerApplication[main] Real Estate Broker Application Started at Line 15 
[INFO ] 2021-03-11 13:55:43.644 INFO :org.springframework.boot.StartupInfoLogger[logStarting] Starting RealEstateBrokerApplication using Java 15.0.1 on DESKTOP-4EK3FJ6 with PID 17252 (C:\Users\Aman Thakur\git\repository2\RealEstateBrokerApplication\bin\main started by Aman Thakur in C:\Users\Aman Thakur\git\repository2\RealEstateBrokerApplication) at Line 55 
[DEBUG] 2021-03-11 13:55:43.645 DEBUG :org.springframework.boot.StartupInfoLogger[logStarting] Running with Spring Boot v2.4.3, Spring v5.3.4 at Line 56 
[INFO ] 2021-03-11 13:55:43.645 INFO :org.springframework.boot.SpringApplication[logStartupProfileInfo] No active profile set, falling back to default profiles: default at Line 660 
[INFO ] 2021-03-11 13:55:45.099 INFO :org.springframework.boot.StartupInfoLogger[logStarted] Started RealEstateBrokerApplication in 1.487 seconds (JVM running for 211.939) at Line 61 
